<?xml version="1.0" encoding="UTF-8"?>
<testng-results skipped="0" failed="0" total="1" passed="1">
  <reporter-output>
  </reporter-output>
  <suite name="Command line suite" duration-ms="24209" started-at="2013-10-21T06:52:25Z" finished-at="2013-10-21T06:52:49Z">
    <groups>
    </groups>
    <test name="Command line test" duration-ms="24209" started-at="2013-10-21T06:52:25Z" finished-at="2013-10-21T06:52:49Z">
      <class name="TestMavenClass">
        <test-method status="PASS" signature="verifySearch()[pri:0, instance:TestMavenClass@ed42d08]" name="verifySearch" duration-ms="24186" started-at="2013-10-21T14:52:25Z" finished-at="2013-10-21T14:52:49Z">
          <reporter-output>
          </reporter-output>
        </test-method> <!-- verifySearch -->
      </class> <!-- TestMavenClass -->
    </test> <!-- Command line test -->
  </suite> <!-- Command line suite -->
</testng-results>
